<?xml version="1.0" encoding="UTF-8"?>
<!-- Generated by org.testng.reporters.JUnitReportReporter -->
<testsuite hostname="DESKTOP-4CMAMAA" failures="0" tests="2" name="sample.Appium" time="0.031" errors="0" timestamp="2024-09-13T15:52:56 IST" skipped="0">
  <testcase classname="sample.Appium" name="mtest" time="0.016"/>
  <testcase classname="sample.Appium" name="appium" time="0.015"/>
</testsuite> <!-- sample.Appium -->
