<?xml version="1.0" encoding="UTF-8"?>
<!-- Generated by org.testng.reporters.JUnitReportReporter -->
<testsuite hostname="DESKTOP-4CMAMAA" failures="0" tests="2" name="sample.selenium" time="0.007" errors="0" timestamp="2024-09-13T15:52:56 IST" skipped="0">
  <testcase classname="sample.selenium" name="cucumber" time="0.005"/>
  <testcase classname="sample.selenium" name="testng" time="0.002"/>
</testsuite> <!-- sample.selenium -->
